<?xml version="1.0" encoding="UTF-8"?>
<testng-results ignored="0" total="1" passed="1" failed="0" skipped="0">
  <reporter-output>
  </reporter-output>
  <suite started-at="2023-09-04T21:04:43 IST" name="Default suite" finished-at="2023-09-04T21:05:04 IST" duration-ms="21065">
    <groups>
    </groups>
    <test started-at="2023-09-04T21:04:43 IST" name="Default test" finished-at="2023-09-04T21:05:04 IST" duration-ms="21065">
      <class name="runner_class_1.runner">
        <test-method is-config="true" signature="oppApp()[pri:0, instance:runner_class_1.runner@5286c33a]" started-at="2023-09-04T21:04:43 IST" name="oppApp" finished-at="2023-09-04T21:05:04 IST" duration-ms="20219" status="PASS">
          <reporter-output>
          </reporter-output>
        </test-method> <!-- oppApp -->
        <test-method signature="test()[pri:0, instance:runner_class_1.runner@5286c33a]" started-at="2023-09-04T21:05:04 IST" name="test" finished-at="2023-09-04T21:05:04 IST" duration-ms="560" status="PASS">
          <reporter-output>
          </reporter-output>
        </test-method> <!-- test -->
        <test-method is-config="true" signature="close()[pri:0, instance:runner_class_1.runner@5286c33a]" started-at="2023-09-04T21:05:04 IST" name="close" finished-at="2023-09-04T21:05:04 IST" duration-ms="212" status="PASS">
          <reporter-output>
          </reporter-output>
        </test-method> <!-- close -->
      </class> <!-- runner_class_1.runner -->
    </test> <!-- Default test -->
  </suite> <!-- Default suite -->
</testng-results>
