<?xml version="1.0" encoding="UTF-8"?>
<!-- Generated by org.testng.reporters.JUnitXMLReporter -->
<testsuite ignored="0" hostname="hp-Elitebook" failures="0" tests="4" name="Test" time="28.401" errors="0" timestamp="2023-08-23T19:42:19 IST">
  <testcase classname="demo.annotation1" name="test" time="0.011"/>
  <testcase classname="frame.annotation1" name="test" time="0.004"/>
  <testcase classname="demo.annotation2" name="test" time="16.774"/>
  <testcase classname="frame.annotation2" name="test" time="11.546"/>
</testsuite> <!-- Test -->
